#
# There is insufficient memory for the Java Runtime Environment to continue.
# Native memory allocation (mmap) failed to map 266338304 bytes for G1 virtual space
# Possible reasons:
#   The system is out of physical RAM or swap space
#   The process is running with CompressedOops enabled, and the Java Heap may be blocking the growth of the native heap
# Possible solutions:
#   Reduce memory load on the system
#   Increase physical memory or swap space
#   Check if swap backing store is full
#   Decrease Java heap size (-Xmx/-Xms)
#   Decrease number of Java threads
#   Decrease Java thread stack sizes (-Xss)
#   Set larger code cache with -XX:ReservedCodeCacheSize=
#   JVM is running with Zero Based Compressed Oops mode in which the Java heap is
#     placed in the first 32GB address space. The Java Heap base address is the
#     maximum limit for the native heap growth. Please use -XX:HeapBaseMinAddress
#     to set the Java Heap base and to place the Java Heap above 32GB virtual address.
# This output file may be truncated or incomplete.
#
#  Out of Memory Error (os_windows.cpp:3548), pid=14632, tid=9864
#
# JRE version:  (17.0.12+8) (build )
# Java VM: Java HotSpot(TM) 64-Bit Server VM (17.0.12+8-LTS-286, mixed mode, sharing, tiered, compressed oops, compressed class ptrs, g1 gc, windows-amd64)
# No core dump will be written. Minidumps are not enabled by default on client versions of Windows
#

---------------  S U M M A R Y ------------

Command Line: -agentlib:jdwp=transport=dt_socket,server=n,suspend=y,address=localhost:50905 -XX:+ShowCodeDetailsInExceptionMessages com.paf_grp.backend.BackendApplication

Host: Intel(R) Core(TM) i5-10210U CPU @ 1.60GHz, 8 cores, 15G,  Windows 11 , 64 bit Build 26100 (10.0.26100.3323)
Time: Wed Mar 26 16:16:45 2025 Sri Lanka Standard Time elapsed time: 0.012941 seconds (0d 0h 0m 0s)

---------------  T H R E A D  ---------------

Current thread (0x0000023fffa09500):  JavaThread "Unknown thread" [_thread_in_vm, id=9864, stack(0x0000009c1e600000,0x0000009c1e700000)]

Stack: [0x0000009c1e600000,0x0000009c1e700000]
Native frames: (J=compiled Java code, j=interpreted, Vv=VM code, C=native code)
V  [jvm.dll+0x67a04a]
V  [jvm.dll+0x7da4ed]
V  [jvm.dll+0x7dbe33]
V  [jvm.dll+0x7dc4a3]
V  [jvm.dll+0x24508f]
V  [jvm.dll+0x677089]
V  [jvm.dll+0x66bd32]
V  [jvm.dll+0x301fa6]
V  [jvm.dll+0x309546]
V  [jvm.dll+0x359d2e]
V  [jvm.dll+0x359f5f]
V  [jvm.dll+0x2d9078]
V  [jvm.dll+0x2d9fe4]
V  [jvm.dll+0x7aca21]
V  [jvm.dll+0x367591]
V  [jvm.dll+0x78b999]
V  [jvm.dll+0x3ec83f]
V  [jvm.dll+0x3ee471]
C  [jli.dll+0x5297]
C  [ucrtbase.dll+0x37b0]
C  [KERNEL32.DLL+0x2e8d7]
C  [ntdll.dll+0xbbf6c]


---------------  P R O C E S S  ---------------

Threads class SMR info:
_java_thread_list=0x00007fff3f6a7a18, length=0, elements={
}

Java Threads: ( => current thread )

Other Threads:
  0x0000023fffa7e2f0 GCTaskThread "GC Thread#0" [stack: 0x0000009c1e700000,0x0000009c1e800000] [id=664]
  0x0000023fffacd010 ConcurrentGCThread "G1 Main Marker" [stack: 0x0000009c1e800000,0x0000009c1e900000] [id=18576]
  0x0000023ffface7e0 ConcurrentGCThread "G1 Conc#0" [stack: 0x0000009c1e900000,0x0000009c1ea00000] [id=21660]

[error occurred during error reporting (printing all threads), id 0xc0000005, EXCEPTION_ACCESS_VIOLATION (0xc0000005) at pc=0x00007fff3eed9b67]

VM state: not at safepoint (not fully initialized)

VM Mutex/Monitor currently owned by a thread:  ([mutex/lock_event])
[0x0000023fffa03ab0] Heap_lock - owner thread: 0x0000023fffa09500

Heap address: 0x0000000702400000, size: 4060 MB, Compressed Oops mode: Zero based, Oop shift amount: 3

CDS archive(s) mapped at: [0x0000000000000000-0x0000000000000000-0x0000000000000000), size 0, SharedBaseAddress: 0x0000000800000000, ArchiveRelocationMode: 1.
Narrow klass base: 0x0000000000000000, Narrow klass shift: 0, Narrow klass range: 0x0

GC Precious Log:
<Empty>

Heap:
 garbage-first heap   total 0K, used 0K [0x0000000702400000, 0x0000000800000000)
  region size 2048K, 0 young (0K), 0 survivors (0K)

[error occurred during error reporting (printing heap information), id 0xc0000005, EXCEPTION_ACCESS_VIOLATION (0xc0000005) at pc=0x00007fff3f2c3859]

GC Heap History (0 events):
No events

Deoptimization events (0 events):
No events

Classes unloaded (0 events):
No events

Classes redefined (0 events):
No events

Internal exceptions (0 events):
No events

VM Operations (0 events):
No events

Events (1 events):
Event: 0.009 Loaded shared library C:\Program Files\Java\jdk-17\bin\java.dll


Dynamic libraries:
0x00007ff6d5360000 - 0x00007ff6d5370000 	C:\Program Files\Java\jdk-17\bin\java.exe
0x00007fffca540000 - 0x00007fffca7a3000 	C:\WINDOWS\SYSTEM32\ntdll.dll
0x00007fffc8720000 - 0x00007fffc87e7000 	C:\WINDOWS\System32\KERNEL32.DLL
0x00007fffc7d40000 - 0x00007fffc8109000 	C:\WINDOWS\System32\KERNELBASE.dll
0x00007fffc7a20000 - 0x00007fffc7b6c000 	C:\WINDOWS\System32\ucrtbase.dll
0x00007fffa0d70000 - 0x00007fffa0d8b000 	C:\Program Files\Java\jdk-17\bin\VCRUNTIME140.dll
0x00007fffb47c0000 - 0x00007fffb47d9000 	C:\Program Files\Java\jdk-17\bin\jli.dll
0x00007fffc8f80000 - 0x00007fffc9032000 	C:\WINDOWS\System32\ADVAPI32.dll
0x00007fffc8550000 - 0x00007fffc85f9000 	C:\WINDOWS\System32\msvcrt.dll
0x00007fffca0c0000 - 0x00007fffca166000 	C:\WINDOWS\System32\sechost.dll
0x00007fffc8950000 - 0x00007fffc8a66000 	C:\WINDOWS\System32\RPCRT4.dll
0x00007fffc9040000 - 0x00007fffc920a000 	C:\WINDOWS\System32\USER32.dll
0x00007fffc8330000 - 0x00007fffc8357000 	C:\WINDOWS\System32\win32u.dll
0x00007fffb78b0000 - 0x00007fffb7b40000 	C:\WINDOWS\WinSxS\amd64_microsoft.windows.common-controls_6595b64144ccf1df_6.0.26100.3323_none_3e088096e3344490\COMCTL32.dll
0x00007fffc8490000 - 0x00007fffc84ba000 	C:\WINDOWS\System32\GDI32.dll
0x00007fffc7b70000 - 0x00007fffc7ca1000 	C:\WINDOWS\System32\gdi32full.dll
0x00007fffc8110000 - 0x00007fffc81b3000 	C:\WINDOWS\System32\msvcp_win.dll
0x00007fffc0080000 - 0x00007fffc008b000 	C:\WINDOWS\SYSTEM32\VERSION.dll
0x00007fffc9300000 - 0x00007fffc932f000 	C:\WINDOWS\System32\IMM32.DLL
0x00007fffc0b20000 - 0x00007fffc0b2c000 	C:\Program Files\Java\jdk-17\bin\vcruntime140_1.dll
0x00007fff72b20000 - 0x00007fff72bae000 	C:\Program Files\Java\jdk-17\bin\msvcp140.dll
0x00007fff3ebf0000 - 0x00007fff3f7d0000 	C:\Program Files\Java\jdk-17\bin\server\jvm.dll
0x00007fffc84c0000 - 0x00007fffc84c8000 	C:\WINDOWS\System32\PSAPI.DLL
0x00007fffb3520000 - 0x00007fffb352a000 	C:\WINDOWS\SYSTEM32\WSOCK32.dll
0x00007fffc0140000 - 0x00007fffc0176000 	C:\WINDOWS\SYSTEM32\WINMM.dll
0x00007fffc9fe0000 - 0x00007fffca054000 	C:\WINDOWS\System32\WS2_32.dll
0x00007fffc6560000 - 0x00007fffc657a000 	C:\WINDOWS\SYSTEM32\kernel.appcore.dll
0x00007fffbc9f0000 - 0x00007fffbc9fa000 	C:\Program Files\Java\jdk-17\bin\jimage.dll
0x00007fffc5120000 - 0x00007fffc5361000 	C:\WINDOWS\SYSTEM32\DBGHELP.DLL
0x00007fffca170000 - 0x00007fffca4f2000 	C:\WINDOWS\System32\combase.dll
0x00007fffc83b0000 - 0x00007fffc8486000 	C:\WINDOWS\System32\OLEAUT32.dll
0x00007fff822d0000 - 0x00007fff82309000 	C:\WINDOWS\SYSTEM32\dbgcore.DLL
0x00007fffc7740000 - 0x00007fffc77d9000 	C:\WINDOWS\System32\bcryptPrimitives.dll
0x00007fff7be20000 - 0x00007fff7be5b000 	C:\Program Files\Java\jdk-17\bin\jdwp.dll
0x00007fff9f1b0000 - 0x00007fff9f1d5000 	C:\Program Files\Java\jdk-17\bin\java.dll

dbghelp: loaded successfully - version: 4.0.5 - missing functions: none
symbol engine: initialized successfully - sym options: 0x614 - pdb path: .;C:\Program Files\Java\jdk-17\bin;C:\WINDOWS\SYSTEM32;C:\WINDOWS\WinSxS\amd64_microsoft.windows.common-controls_6595b64144ccf1df_6.0.26100.3323_none_3e088096e3344490;C:\Program Files\Java\jdk-17\bin\server

VM Arguments:
jvm_args: -agentlib:jdwp=transport=dt_socket,server=n,suspend=y,address=localhost:50905 -XX:+ShowCodeDetailsInExceptionMessages 
java_command: com.paf_grp.backend.BackendApplication
java_class_path (initial): D:\PAF_Prj\PAF_Prj\backend\backend\target\classes;C:\Users\pasin\.m2\repository\org\springframework\boot\spring-boot-starter-web\2.7.4\spring-boot-starter-web-2.7.4.jar;C:\Users\pasin\.m2\repository\org\springframework\boot\spring-boot-starter\3.2.2\spring-boot-starter-3.2.2.jar;C:\Users\pasin\.m2\repository\org\springframework\boot\spring-boot-starter-logging\3.2.2\spring-boot-starter-logging-3.2.2.jar;C:\Users\pasin\.m2\repository\ch\qos\logback\logback-classic\1.4.14\logback-classic-1.4.14.jar;C:\Users\pasin\.m2\repository\ch\qos\logback\logback-core\1.4.14\logback-core-1.4.14.jar;C:\Users\pasin\.m2\repository\org\apache\logging\log4j\log4j-to-slf4j\2.21.1\log4j-to-slf4j-2.21.1.jar;C:\Users\pasin\.m2\repository\org\apache\logging\log4j\log4j-api\2.21.1\log4j-api-2.21.1.jar;C:\Users\pasin\.m2\repository\org\slf4j\jul-to-slf4j\2.0.11\jul-to-slf4j-2.0.11.jar;C:\Users\pasin\.m2\repository\jakarta\annotation\jakarta.annotation-api\2.1.1\jakarta.annotation-api-2.1.1.jar;C:\Users\pasin\.m2\repository\org\yaml\snakeyaml\2.2\snakeyaml-2.2.jar;C:\Users\pasin\.m2\repository\org\springframework\boot\spring-boot-starter-json\3.2.2\spring-boot-starter-json-3.2.2.jar;C:\Users\pasin\.m2\repository\com\fasterxml\jackson\core\jackson-databind\2.15.3\jackson-databind-2.15.3.jar;C:\Users\pasin\.m2\repository\com\fasterxml\jackson\core\jackson-annotations\2.15.3\jackson-annotations-2.15.3.jar;C:\Users\pasin\.m2\repository\com\fasterxml\jackson\core\jackson-core\2.15.3\jackson-core-2.15.3.jar;C:\Users\pasin\.m2\repository\com\fasterxml\jackson\datatype\jackson-datatype-jdk8\2.15.3\jackson-datatype-jdk8-2.15.3.jar;C:\Users\pasin\.m2\repository\com\fasterxml\jackson\datatype\jackson-datatype-jsr310\2.15.3\jackson-datatype-jsr310-2.15.3.jar;C:\Users\pasin\.m2\repository\com\fasterxml\jackson\module\jackson-module-parameter-names\2.15.3\jackson-module-parameter-names-2.15.3.jar;C:\Users\pasin\.m2\repository\org\springframework\boot\spring-boot-starter-tomcat\3
Launcher Type: SUN_STANDARD

[Global flags]
     intx CICompilerCount                          = 4                                         {product} {ergonomic}
     uint ConcGCThreads                            = 2                                         {product} {ergonomic}
     uint G1ConcRefinementThreads                  = 8                                         {product} {ergonomic}
   size_t G1HeapRegionSize                         = 2097152                                   {product} {ergonomic}
    uintx GCDrainStackTargetSize                   = 64                                        {product} {ergonomic}
   size_t InitialHeapSize                          = 266338304                                 {product} {ergonomic}
   size_t MarkStackSize                            = 4194304                                   {product} {ergonomic}
   size_t MaxHeapSize                              = 4257218560                                {product} {ergonomic}
   size_t MinHeapDeltaBytes                        = 2097152                                   {product} {ergonomic}
   size_t MinHeapSize                              = 8388608                                   {product} {ergonomic}
    uintx NonNMethodCodeHeapSize                   = 5839372                                {pd product} {ergonomic}
    uintx NonProfiledCodeHeapSize                  = 122909434                              {pd product} {ergonomic}
    uintx ProfiledCodeHeapSize                     = 122909434                              {pd product} {ergonomic}
    uintx ReservedCodeCacheSize                    = 251658240                              {pd product} {ergonomic}
     bool SegmentedCodeCache                       = true                                      {product} {ergonomic}
     bool ShowCodeDetailsInExceptionMessages       = true                                   {manageable} {command line}
   size_t SoftMaxHeapSize                          = 4257218560                             {manageable} {ergonomic}
     bool UseCompressedClassPointers               = true                           {product lp64_product} {ergonomic}
     bool UseCompressedOops                        = true                           {product lp64_product} {ergonomic}
     bool UseG1GC                                  = true                                      {product} {ergonomic}
     bool UseLargePagesIndividualAllocation        = false                                  {pd product} {ergonomic}

Logging:
Log output configuration:
 #0: stdout all=warning uptime,level,tags
 #1: stderr all=off uptime,level,tags

Environment Variables:
JAVA_HOME=C:\Users\pasin\AppData\Roaming\Code\User\globalStorage\pleiades.java-extension-pack-jdk\java\21
PATH=C:\Users\pasin\AppData\Roaming\Code\User\globalStorage\pleiades.java-extension-pack-jdk\java\21\bin;C:\app\pasin\product\21c\dbhomeXE\bin;C:\Program Files\Common Files\Oracle\Java\javapath;C:\WINDOWS\system32;C:\WINDOWS;C:\WINDOWS\System32\Wbem;C:\WINDOWS\System32\WindowsPowerShell\v1.0\;C:\WINDOWS\System32\OpenSSH\;C:\Program Files\nodejs\;C:\ProgramData\chocolatey\bin;C:\Program Files\Git\cmd;C:\Program Files\Apache\Maven\apache-maven-3.9.9\bin;C:\oracle\instantclient\instantclient_23_7;C:\Users\pasin\AppData\Local\Programs\Python\Python312\Scripts\;C:\Users\pasin\AppData\Local\Programs\Python\Python312\;C:\Users\pasin\AppData\Local\Programs\Python\Launcher\;C:\Users\pasin\AppData\Local\Microsoft\WindowsApps;C:\Users\pasin\AppData\Local\Programs\Microsoft VS Code\bin;C:\Program Files\Azure Data Studio\bin;C:\Users\pasin\AppData\Local\GitHubDesktop\bin;C:\Users\pasin\AppData\Roaming\npm;C:\oracle\instantclient_21_9;C:\Users\pasin\AppData\Local\Programs\Python\Python312\Scripts\;C:\Users\pasin\AppData\Local\Programs\Python\Python312\;C:\Users\pasin\AppData\Local\Programs\Python\Launcher\;C:\Users\pasin\AppData\Local\Microsoft\WindowsApps;C:\Users\pasin\AppData\Local\Programs\Microsoft VS Code\bin;C:\Program Files\Azure Data Studio\bin;C:\Users\pasin\AppData\Local\GitHubDesktop\bin;C:\Users\pasin\AppData\Roaming\npm;;c:\Users\pasin\.vscode\extensions\ms-python.debugpy-2025.4.1-win32-x64\bundled\scripts\noConfigScripts
USERNAME=pasin
LANG=en_US.UTF-8
OS=Windows_NT
PROCESSOR_IDENTIFIER=Intel64 Family 6 Model 142 Stepping 12, GenuineIntel



---------------  S Y S T E M  ---------------

OS:
 Windows 11 , 64 bit Build 26100 (10.0.26100.3323)
OS uptime: 14 days 3:08 hours

CPU: total 8 (initial active 8) (4 cores per cpu, 2 threads per core) family 6 model 142 stepping 12 microcode 0xde, cx8, cmov, fxsr, ht, mmx, 3dnowpref, sse, sse2, sse3, ssse3, sse4.1, sse4.2, popcnt, lzcnt, tsc, tscinvbit, avx, avx2, aes, erms, clmul, bmi1, bmi2, adx, fma, vzeroupper, clflush, clflushopt

Memory: 4k page, system-wide physical 16235M (2371M free)
TotalPageFile size 23817M (AvailPageFile size 234M)
current process WorkingSet (physical memory assigned to process): 12M, peak: 12M
current process commit charge ("private bytes"): 60M, peak: 314M

vm_info: Java HotSpot(TM) 64-Bit Server VM (17.0.12+8-LTS-286) for windows-amd64 JRE (17.0.12+8-LTS-286), built on Jun  5 2024 06:46:59 by "mach5one" with MS VC++ 17.6 (VS2022)

END.
