#
# There is insufficient memory for the Java Runtime Environment to continue.
# Native memory allocation (malloc) failed to allocate 480672 bytes for Chunk::new
# Possible reasons:
#   The system is out of physical RAM or swap space
#   The process is running with CompressedOops enabled, and the Java Heap may be blocking the growth of the native heap
# Possible solutions:
#   Reduce memory load on the system
#   Increase physical memory or swap space
#   Check if swap backing store is full
#   Decrease Java heap size (-Xmx/-Xms)
#   Decrease number of Java threads
#   Decrease Java thread stack sizes (-Xss)
#   Set larger code cache with -XX:ReservedCodeCacheSize=
#   JVM is running with Zero Based Compressed Oops mode in which the Java heap is
#     placed in the first 32GB address space. The Java Heap base address is the
#     maximum limit for the native heap growth. Please use -XX:HeapBaseMinAddress
#     to set the Java Heap base and to place the Java Heap above 32GB virtual address.
# This output file may be truncated or incomplete.
#
#  Out of Memory Error (arena.cpp:189), pid=29796, tid=19012
#
# JRE version: Java(TM) SE Runtime Environment (17.0.12+8) (build 17.0.12+8-LTS-286)
# Java VM: Java HotSpot(TM) 64-Bit Server VM (17.0.12+8-LTS-286, mixed mode, sharing, tiered, compressed oops, compressed class ptrs, g1 gc, windows-amd64)
# No core dump will be written. Minidumps are not enabled by default on client versions of Windows
#

---------------  S U M M A R Y ------------

Command Line: -agentlib:jdwp=transport=dt_socket,server=n,suspend=y,address=localhost:50850 -XX:+ShowCodeDetailsInExceptionMessages com.paf_grp.backend.BackendApplication

Host: Intel(R) Core(TM) i5-10210U CPU @ 1.60GHz, 8 cores, 15G,  Windows 11 , 64 bit Build 26100 (10.0.26100.3323)
Time: Wed Mar 26 16:16:32 2025 Sri Lanka Standard Time elapsed time: 28.419433 seconds (0d 0h 0m 28s)

---------------  T H R E A D  ---------------

Current thread (0x00000235fe292b10):  JavaThread "C2 CompilerThread0" daemon [_thread_in_native, id=19012, stack(0x000000c594200000,0x000000c594300000)]


Current CompileTask:
C2:  28419 5292       4       java.lang.invoke.LambdaForm::prepare (112 bytes)

Stack: [0x000000c594200000,0x000000c594300000]
Native frames: (J=compiled Java code, j=interpreted, Vv=VM code, C=native code)
V  [jvm.dll+0x67a04a]
V  [jvm.dll+0x7da4ed]
V  [jvm.dll+0x7dbe33]
V  [jvm.dll+0x7dc4a3]
V  [jvm.dll+0x24508f]
V  [jvm.dll+0xab773]
V  [jvm.dll+0xabd3c]
V  [jvm.dll+0x361bee]
V  [jvm.dll+0x32c431]
V  [jvm.dll+0x32b8ca]
V  [jvm.dll+0x21683f]
V  [jvm.dll+0x215c6f]
V  [jvm.dll+0x1a2960]
V  [jvm.dll+0x22610b]
V  [jvm.dll+0x2242ab]
V  [jvm.dll+0x79075c]
V  [jvm.dll+0x78abea]
V  [jvm.dll+0x678f35]
C  [ucrtbase.dll+0x37b0]
C  [KERNEL32.DLL+0x2e8d7]
C  [ntdll.dll+0xbbf6c]


---------------  P R O C E S S  ---------------

Threads class SMR info:
_java_thread_list=0x00000235d7cbd560, length=45, elements={
0x00000235fe27a430, 0x00000235fe27ad00, 0x00000235fe2904a0, 0x00000235fe290d70,
0x00000235fe291640, 0x00000235fe291f10, 0x00000235fe292b10, 0x00000235fe295430,
0x00000235fe29dd70, 0x00000235fe6b9570, 0x00000235fe6ba600, 0x00000235fe6bbcf0,
0x00000235fe6be900, 0x00000235fe6cb460, 0x00000235d4456520, 0x00000235d4457960,
0x00000235d4456a30, 0x00000235d4458890, 0x00000235d4456f40, 0x00000235d4457e70,
0x00000235d4458da0, 0x00000235d4458380, 0x00000235d44592b0, 0x00000235d44597c0,
0x00000235d4459cd0, 0x00000235d6fad240, 0x00000235d6fb04e0, 0x00000235d6fad750,
0x00000235d6fb0f00, 0x00000235d6fae680, 0x00000235d6fafac0, 0x00000235d6fb09f0,
0x00000235d6fae170, 0x00000235d6faf0a0, 0x00000235d6faf5b0, 0x00000235d6faffd0,
0x00000235d6fb1410, 0x00000235d6fadc60, 0x00000235d6fb2340, 0x00000235d6fb41a0,
0x00000235d6fb1920, 0x00000235d6fb1e30, 0x00000235d6fb2850, 0x00000235d6fb2d60,
0x00000235d46b0540
}

Java Threads: ( => current thread )
  0x00000235fe27a430 JavaThread "Reference Handler" daemon [_thread_blocked, id=6112, stack(0x000000c593c00000,0x000000c593d00000)]
  0x00000235fe27ad00 JavaThread "Finalizer" daemon [_thread_blocked, id=22436, stack(0x000000c593d00000,0x000000c593e00000)]
  0x00000235fe2904a0 JavaThread "Signal Dispatcher" daemon [_thread_blocked, id=7260, stack(0x000000c593e00000,0x000000c593f00000)]
  0x00000235fe290d70 JavaThread "Attach Listener" daemon [_thread_blocked, id=22556, stack(0x000000c593f00000,0x000000c594000000)]
  0x00000235fe291640 JavaThread "Service Thread" daemon [_thread_blocked, id=9472, stack(0x000000c594000000,0x000000c594100000)]
  0x00000235fe291f10 JavaThread "Monitor Deflation Thread" daemon [_thread_blocked, id=17164, stack(0x000000c594100000,0x000000c594200000)]
=>0x00000235fe292b10 JavaThread "C2 CompilerThread0" daemon [_thread_in_native, id=19012, stack(0x000000c594200000,0x000000c594300000)]
  0x00000235fe295430 JavaThread "C1 CompilerThread0" daemon [_thread_blocked, id=15840, stack(0x000000c594300000,0x000000c594400000)]
  0x00000235fe29dd70 JavaThread "Sweeper thread" daemon [_thread_blocked, id=9908, stack(0x000000c594400000,0x000000c594500000)]
  0x00000235fe6b9570 JavaThread "JDWP Transport Listener: dt_socket" daemon [_thread_blocked, id=21936, stack(0x000000c594500000,0x000000c594600000)]
  0x00000235fe6ba600 JavaThread "JDWP Event Helper Thread" daemon [_thread_blocked, id=19260, stack(0x000000c594600000,0x000000c594700000)]
  0x00000235fe6bbcf0 JavaThread "JDWP Command Reader" daemon [_thread_in_native, id=21132, stack(0x000000c594700000,0x000000c594800000)]
  0x00000235fe6be900 JavaThread "Notification Thread" daemon [_thread_blocked, id=27912, stack(0x000000c594800000,0x000000c594900000)]
  0x00000235fe6cb460 JavaThread "Common-Cleaner" daemon [_thread_blocked, id=24544, stack(0x000000c594a00000,0x000000c594b00000)]
  0x00000235d4456520 JavaThread "Catalina-utility-1" [_thread_blocked, id=19508, stack(0x000000c595700000,0x000000c595800000)]
  0x00000235d4457960 JavaThread "Catalina-utility-2" [_thread_blocked, id=1504, stack(0x000000c595800000,0x000000c595900000)]
  0x00000235d4456a30 JavaThread "container-0" [_thread_blocked, id=6412, stack(0x000000c595900000,0x000000c595a00000)]
  0x00000235d4458890 JavaThread "Thread-4" daemon [_thread_in_native, id=14688, stack(0x000000c595a00000,0x000000c595b00000)]
  0x00000235d4456f40 JavaThread "BufferPoolPruner-1-thread-1" daemon [_thread_blocked, id=23196, stack(0x000000c595b00000,0x000000c595c00000)]
  0x00000235d4457e70 JavaThread "cluster-ClusterId{value='67e3daf0d31bd55b7572b202', description='null'}-srv-itpm-prj.o08rs.mongodb.net" daemon [_thread_blocked, id=4040, stack(0x000000c595c00000,0x000000c595d00000)]
  0x00000235d4458da0 JavaThread "cluster-ClusterId{value='67e3daf0d31bd55b7572b202', description='null'}-itpm-prj-shard-00-02.o08rs.mongodb.net:27017" daemon [_thread_in_native, id=27188, stack(0x000000c595d00000,0x000000c595e00000)]
  0x00000235d4458380 JavaThread "cluster-rtt-ClusterId{value='67e3daf0d31bd55b7572b202', description='null'}-itpm-prj-shard-00-02.o08rs.mongodb.net:27017" daemon [_thread_blocked, id=18964, stack(0x000000c595e00000,0x000000c595f00000)]
  0x00000235d44592b0 JavaThread "cluster-ClusterId{value='67e3daf0d31bd55b7572b202', description='null'}-itpm-prj-shard-00-01.o08rs.mongodb.net:27017" daemon [_thread_in_native, id=23784, stack(0x000000c595f00000,0x000000c596000000)]
  0x00000235d44597c0 JavaThread "cluster-rtt-ClusterId{value='67e3daf0d31bd55b7572b202', description='null'}-itpm-prj-shard-00-01.o08rs.mongodb.net:27017" daemon [_thread_blocked, id=10504, stack(0x000000c596000000,0x000000c596100000)]
  0x00000235d4459cd0 JavaThread "cluster-ClusterId{value='67e3daf0d31bd55b7572b202', description='null'}-itpm-prj-shard-00-00.o08rs.mongodb.net:27017" daemon [_thread_in_native, id=14092, stack(0x000000c596100000,0x000000c596200000)]
  0x00000235d6fad240 JavaThread "cluster-rtt-ClusterId{value='67e3daf0d31bd55b7572b202', description='null'}-itpm-prj-shard-00-00.o08rs.mongodb.net:27017" daemon [_thread_blocked, id=28652, stack(0x000000c596200000,0x000000c596300000)]
  0x00000235d6fb04e0 JavaThread "Live Reload Server" daemon [_thread_in_native, id=23252, stack(0x000000c596400000,0x000000c596500000)]
  0x00000235d6fad750 JavaThread "MaintenanceTimer-3-thread-1" daemon [_thread_blocked, id=21656, stack(0x000000c596500000,0x000000c596600000)]
  0x00000235d6fb0f00 JavaThread "MaintenanceTimer-2-thread-1" daemon [_thread_blocked, id=18820, stack(0x000000c596600000,0x000000c596700000)]
  0x00000235d6fae680 JavaThread "MaintenanceTimer-4-thread-1" daemon [_thread_blocked, id=8536, stack(0x000000c596700000,0x000000c596800000)]
  0x00000235d6fafac0 JavaThread "File Watcher" daemon [_thread_blocked, id=19564, stack(0x000000c596900000,0x000000c596a00000)]
  0x00000235d6fb09f0 JavaThread "http-nio-8080-exec-1" daemon [_thread_blocked, id=13756, stack(0x000000c596a00000,0x000000c596b00000)]
  0x00000235d6fae170 JavaThread "http-nio-8080-exec-2" daemon [_thread_in_vm, id=30020, stack(0x000000c596b00000,0x000000c596c00000)]
  0x00000235d6faf0a0 JavaThread "http-nio-8080-exec-3" daemon [_thread_blocked, id=25868, stack(0x000000c596c00000,0x000000c596d00000)]
  0x00000235d6faf5b0 JavaThread "http-nio-8080-exec-4" daemon [_thread_blocked, id=11856, stack(0x000000c596d00000,0x000000c596e00000)]
  0x00000235d6faffd0 JavaThread "http-nio-8080-exec-5" daemon [_thread_blocked, id=15596, stack(0x000000c596e00000,0x000000c596f00000)]
  0x00000235d6fb1410 JavaThread "http-nio-8080-exec-6" daemon [_thread_blocked, id=19176, stack(0x000000c596f00000,0x000000c597000000)]
  0x00000235d6fadc60 JavaThread "http-nio-8080-exec-7" daemon [_thread_blocked, id=17376, stack(0x000000c597000000,0x000000c597100000)]
  0x00000235d6fb2340 JavaThread "http-nio-8080-exec-8" daemon [_thread_blocked, id=24684, stack(0x000000c597100000,0x000000c597200000)]
  0x00000235d6fb41a0 JavaThread "http-nio-8080-exec-9" daemon [_thread_blocked, id=21480, stack(0x000000c597200000,0x000000c597300000)]
  0x00000235d6fb1920 JavaThread "http-nio-8080-exec-10" daemon [_thread_blocked, id=13064, stack(0x000000c597300000,0x000000c597400000)]
  0x00000235d6fb1e30 JavaThread "http-nio-8080-Poller" daemon [_thread_in_native, id=12468, stack(0x000000c597400000,0x000000c597500000)]
  0x00000235d6fb2850 JavaThread "http-nio-8080-Acceptor" daemon [_thread_in_native, id=22804, stack(0x000000c597500000,0x000000c597600000)]
  0x00000235d6fb2d60 JavaThread "DestroyJavaVM" [_thread_blocked, id=15496, stack(0x000000c593500000,0x000000c593600000)]
  0x00000235d46b0540 JavaThread "C2 CompilerThread1" daemon [_thread_in_native, id=28080, stack(0x000000c594b00000,0x000000c594c00000)]

Other Threads:
  0x00000235fe275b70 VMThread "VM Thread" [stack: 0x000000c593b00000,0x000000c593c00000] [id=6596]
  0x00000235ea0024b0 WatcherThread [stack: 0x000000c594900000,0x000000c594a00000] [id=6664]
  0x00000235e9fccc20 GCTaskThread "GC Thread#0" [stack: 0x000000c593600000,0x000000c593700000] [id=12164]
  0x00000235ff430ff0 GCTaskThread "GC Thread#1" [stack: 0x000000c594e00000,0x000000c594f00000] [id=16532]
  0x00000235ff4325f0 GCTaskThread "GC Thread#2" [stack: 0x000000c594f00000,0x000000c595000000] [id=5836]
  0x00000235ff4312b0 GCTaskThread "GC Thread#3" [stack: 0x000000c595000000,0x000000c595100000] [id=23248]
  0x00000235ff432330 GCTaskThread "GC Thread#4" [stack: 0x000000c595100000,0x000000c595200000] [id=22928]
  0x00000235ff4328b0 GCTaskThread "GC Thread#5" [stack: 0x000000c595200000,0x000000c595300000] [id=26656]
  0x00000235ff431db0 GCTaskThread "GC Thread#6" [stack: 0x000000c595300000,0x000000c595400000] [id=9224]
  0x00000235ff431570 GCTaskThread "GC Thread#7" [stack: 0x000000c595500000,0x000000c595600000] [id=11616]
  0x00000235e9fdd740 ConcurrentGCThread "G1 Main Marker" [stack: 0x000000c593700000,0x000000c593800000] [id=18276]
  0x00000235e9fdec30 ConcurrentGCThread "G1 Conc#0" [stack: 0x000000c593800000,0x000000c593900000] [id=24568]
  0x00000235d5afc010 ConcurrentGCThread "G1 Conc#1" [stack: 0x000000c595400000,0x000000c595500000] [id=10820]
  0x00000235fe1ae610 ConcurrentGCThread "G1 Refine#0" [stack: 0x000000c593900000,0x000000c593a00000] [id=14012]
  0x00000235d5b5c660 ConcurrentGCThread "G1 Refine#1" [stack: 0x000000c596800000,0x000000c596900000] [id=28216]
  0x00000235fe1aecf0 ConcurrentGCThread "G1 Service" [stack: 0x000000c593a00000,0x000000c593b00000] [id=1592]

Threads with active compile tasks:
C2 CompilerThread0    28460 5292       4       java.lang.invoke.LambdaForm::prepare (112 bytes)
C2 CompilerThread1    28460 5294       4       java.lang.invoke.MethodHandle::<init> (37 bytes)

VM state: not at safepoint (normal execution)

VM Mutex/Monitor currently owned by a thread:  ([mutex/lock_event])
[0x00000235e9f44f40] Metaspace_lock - owner thread: 0x00000235d6fae170

Heap address: 0x0000000702400000, size: 4060 MB, Compressed Oops mode: Zero based, Oop shift amount: 3

CDS archive(s) mapped at: [0x000002358f000000-0x000002358fbd0000-0x000002358fbd0000), size 12386304, SharedBaseAddress: 0x000002358f000000, ArchiveRelocationMode: 1.
Compressed class space mapped at: 0x0000023590000000-0x00000235d0000000, reserved size: 1073741824
Narrow klass base: 0x000002358f000000, Narrow klass shift: 0, Narrow klass range: 0x100000000

GC Precious Log:
 CPUs: 8 total, 8 available
 Memory: 16235M
 Large Page Support: Disabled
 NUMA Support: Disabled
 Compressed Oops: Enabled (Zero based)
 Heap Region Size: 2M
 Heap Min Capacity: 8M
 Heap Initial Capacity: 254M
 Heap Max Capacity: 4060M
 Pre-touch: Disabled
 Parallel Workers: 8
 Concurrent Workers: 2
 Concurrent Refinement Workers: 8
 Periodic GC: Disabled

Heap:
 garbage-first heap   total 157696K, used 40083K [0x0000000702400000, 0x0000000800000000)
  region size 2048K, 11 young (22528K), 1 survivors (2048K)
 Metaspace       used 47190K, committed 47616K, reserved 1114112K
  class space    used 6143K, committed 6336K, reserved 1048576K

Heap Regions: E=young(eden), S=young(survivor), O=old, HS=humongous(starts), HC=humongous(continues), CS=collection set, F=free, OA=open archive, CA=closed archive, TAMS=top-at-mark-start (previous, next)
|   0|0x0000000702400000, 0x0000000702600000, 0x0000000702600000|100%| O|  |TAMS 0x0000000702600000, 0x0000000702400000| Untracked 
|   1|0x0000000702600000, 0x0000000702800000, 0x0000000702800000|100%| O|  |TAMS 0x0000000702800000, 0x0000000702600000| Untracked 
|   2|0x0000000702800000, 0x0000000702a00000, 0x0000000702a00000|100%| O|  |TAMS 0x0000000702800000, 0x0000000702800000| Untracked 
|   3|0x0000000702a00000, 0x0000000702c00000, 0x0000000702c00000|100%| O|  |TAMS 0x0000000702c00000, 0x0000000702a00000| Untracked 
|   4|0x0000000702c00000, 0x0000000702e00000, 0x0000000702e00000|100%| O|  |TAMS 0x0000000702e00000, 0x0000000702c00000| Untracked 
|   5|0x0000000702e00000, 0x0000000703000000, 0x0000000703000000|100%| O|  |TAMS 0x0000000703000000, 0x0000000702e00000| Untracked 
|   6|0x0000000703000000, 0x0000000703200000, 0x0000000703200000|100%| O|  |TAMS 0x0000000703200000, 0x0000000703000000| Untracked 
|   7|0x0000000703200000, 0x0000000703200000, 0x0000000703400000|  0%| F|  |TAMS 0x0000000703200000, 0x0000000703200000| Untracked 
|   8|0x0000000703400000, 0x0000000703600000, 0x0000000703600000|100%| O|  |TAMS 0x0000000703400000, 0x0000000703400000| Untracked 
|   9|0x0000000703600000, 0x0000000703800000, 0x0000000703800000|100%| O|  |TAMS 0x0000000703600000, 0x0000000703600000| Untracked 
|  10|0x0000000703800000, 0x0000000703a00000, 0x0000000703a00000|100%| O|  |TAMS 0x0000000703800000, 0x0000000703800000| Untracked 
|  11|0x0000000703a00000, 0x0000000703a7ac00, 0x0000000703c00000| 23%| O|  |TAMS 0x0000000703a00000, 0x0000000703a00000| Untracked 
|  12|0x0000000703c00000, 0x0000000703c00000, 0x0000000703e00000|  0%| F|  |TAMS 0x0000000703c00000, 0x0000000703c00000| Untracked 
|  13|0x0000000703e00000, 0x0000000703e00000, 0x0000000704000000|  0%| F|  |TAMS 0x0000000703e00000, 0x0000000703e00000| Untracked 
|  14|0x0000000704000000, 0x0000000704000000, 0x0000000704200000|  0%| F|  |TAMS 0x0000000704000000, 0x0000000704000000| Untracked 
|  15|0x0000000704200000, 0x0000000704200000, 0x0000000704400000|  0%| F|  |TAMS 0x0000000704200000, 0x0000000704200000| Untracked 
|  16|0x0000000704400000, 0x0000000704400000, 0x0000000704600000|  0%| F|  |TAMS 0x0000000704400000, 0x0000000704400000| Untracked 
|  17|0x0000000704600000, 0x0000000704600000, 0x0000000704800000|  0%| F|  |TAMS 0x0000000704600000, 0x0000000704600000| Untracked 
|  18|0x0000000704800000, 0x0000000704800000, 0x0000000704a00000|  0%| F|  |TAMS 0x0000000704800000, 0x0000000704800000| Untracked 
|  19|0x0000000704a00000, 0x0000000704a00000, 0x0000000704c00000|  0%| F|  |TAMS 0x0000000704a00000, 0x0000000704a00000| Untracked 
|  20|0x0000000704c00000, 0x0000000704c00000, 0x0000000704e00000|  0%| F|  |TAMS 0x0000000704c00000, 0x0000000704c00000| Untracked 
|  21|0x0000000704e00000, 0x0000000704e00000, 0x0000000705000000|  0%| F|  |TAMS 0x0000000704e00000, 0x0000000704e00000| Untracked 
|  22|0x0000000705000000, 0x0000000705000000, 0x0000000705200000|  0%| F|  |TAMS 0x0000000705000000, 0x0000000705000000| Untracked 
|  23|0x0000000705200000, 0x0000000705200000, 0x0000000705400000|  0%| F|  |TAMS 0x0000000705200000, 0x0000000705200000| Untracked 
|  24|0x0000000705400000, 0x0000000705400000, 0x0000000705600000|  0%| F|  |TAMS 0x0000000705400000, 0x0000000705400000| Untracked 
|  25|0x0000000705600000, 0x0000000705600000, 0x0000000705800000|  0%| F|  |TAMS 0x0000000705600000, 0x0000000705600000| Untracked 
|  26|0x0000000705800000, 0x0000000705800000, 0x0000000705a00000|  0%| F|  |TAMS 0x0000000705800000, 0x0000000705800000| Untracked 
|  27|0x0000000705a00000, 0x0000000705a00000, 0x0000000705c00000|  0%| F|  |TAMS 0x0000000705a00000, 0x0000000705a00000| Untracked 
|  28|0x0000000705c00000, 0x0000000705c00000, 0x0000000705e00000|  0%| F|  |TAMS 0x0000000705c00000, 0x0000000705c00000| Untracked 
|  29|0x0000000705e00000, 0x0000000705e00000, 0x0000000706000000|  0%| F|  |TAMS 0x0000000705e00000, 0x0000000705e00000| Untracked 
|  30|0x0000000706000000, 0x0000000706000000, 0x0000000706200000|  0%| F|  |TAMS 0x0000000706000000, 0x0000000706000000| Untracked 
|  31|0x0000000706200000, 0x0000000706200000, 0x0000000706400000|  0%| F|  |TAMS 0x0000000706200000, 0x0000000706200000| Untracked 
|  32|0x0000000706400000, 0x0000000706400000, 0x0000000706600000|  0%| F|  |TAMS 0x0000000706400000, 0x0000000706400000| Untracked 
|  33|0x0000000706600000, 0x0000000706600000, 0x0000000706800000|  0%| F|  |TAMS 0x0000000706600000, 0x0000000706600000| Untracked 
|  34|0x0000000706800000, 0x0000000706800000, 0x0000000706a00000|  0%| F|  |TAMS 0x0000000706800000, 0x0000000706800000| Untracked 
|  35|0x0000000706a00000, 0x0000000706a00000, 0x0000000706c00000|  0%| F|  |TAMS 0x0000000706a00000, 0x0000000706a00000| Untracked 
|  36|0x0000000706c00000, 0x0000000706c00000, 0x0000000706e00000|  0%| F|  |TAMS 0x0000000706c00000, 0x0000000706c00000| Untracked 
|  37|0x0000000706e00000, 0x0000000706e00000, 0x0000000707000000|  0%| F|  |TAMS 0x0000000706e00000, 0x0000000706e00000| Untracked 
|  38|0x0000000707000000, 0x0000000707000000, 0x0000000707200000|  0%| F|  |TAMS 0x0000000707000000, 0x0000000707000000| Untracked 
|  39|0x0000000707200000, 0x0000000707200000, 0x0000000707400000|  0%| F|  |TAMS 0x0000000707200000, 0x0000000707200000| Untracked 
|  40|0x0000000707400000, 0x0000000707400000, 0x0000000707600000|  0%| F|  |TAMS 0x0000000707400000, 0x0000000707400000| Untracked 
|  41|0x0000000707600000, 0x0000000707600000, 0x0000000707800000|  0%| F|  |TAMS 0x0000000707600000, 0x0000000707600000| Untracked 
|  42|0x0000000707800000, 0x0000000707800000, 0x0000000707a00000|  0%| F|  |TAMS 0x0000000707800000, 0x0000000707800000| Untracked 
|  43|0x0000000707a00000, 0x0000000707a00000, 0x0000000707c00000|  0%| F|  |TAMS 0x0000000707a00000, 0x0000000707a00000| Untracked 
|  44|0x0000000707c00000, 0x0000000707c00000, 0x0000000707e00000|  0%| F|  |TAMS 0x0000000707c00000, 0x0000000707c00000| Untracked 
|  45|0x0000000707e00000, 0x0000000707e00000, 0x0000000708000000|  0%| F|  |TAMS 0x0000000707e00000, 0x0000000707e00000| Untracked 
|  46|0x0000000708000000, 0x0000000708000000, 0x0000000708200000|  0%| F|  |TAMS 0x0000000708000000, 0x0000000708000000| Untracked 
|  47|0x0000000708200000, 0x0000000708200000, 0x0000000708400000|  0%| F|  |TAMS 0x0000000708200000, 0x0000000708200000| Untracked 
|  48|0x0000000708400000, 0x0000000708400000, 0x0000000708600000|  0%| F|  |TAMS 0x0000000708400000, 0x0000000708400000| Untracked 
|  49|0x0000000708600000, 0x0000000708600000, 0x0000000708800000|  0%| F|  |TAMS 0x0000000708600000, 0x0000000708600000| Untracked 
|  50|0x0000000708800000, 0x0000000708800000, 0x0000000708a00000|  0%| F|  |TAMS 0x0000000708800000, 0x0000000708800000| Untracked 
|  51|0x0000000708a00000, 0x0000000708a00000, 0x0000000708c00000|  0%| F|  |TAMS 0x0000000708a00000, 0x0000000708a00000| Untracked 
|  52|0x0000000708c00000, 0x0000000708c00000, 0x0000000708e00000|  0%| F|  |TAMS 0x0000000708c00000, 0x0000000708c00000| Untracked 
|  53|0x0000000708e00000, 0x0000000708e00000, 0x0000000709000000|  0%| F|  |TAMS 0x0000000708e00000, 0x0000000708e00000| Untracked 
|  54|0x0000000709000000, 0x0000000709000000, 0x0000000709200000|  0%| F|  |TAMS 0x0000000709000000, 0x0000000709000000| Untracked 
|  55|0x0000000709200000, 0x0000000709200000, 0x0000000709400000|  0%| F|  |TAMS 0x0000000709200000, 0x0000000709200000| Untracked 
|  56|0x0000000709400000, 0x0000000709400000, 0x0000000709600000|  0%| F|  |TAMS 0x0000000709400000, 0x0000000709400000| Untracked 
|  57|0x0000000709600000, 0x0000000709600000, 0x0000000709800000|  0%| F|  |TAMS 0x0000000709600000, 0x0000000709600000| Untracked 
|  58|0x0000000709800000, 0x0000000709800000, 0x0000000709a00000|  0%| F|  |TAMS 0x0000000709800000, 0x0000000709800000| Untracked 
|  59|0x0000000709a00000, 0x0000000709a00000, 0x0000000709c00000|  0%| F|  |TAMS 0x0000000709a00000, 0x0000000709a00000| Untracked 
|  60|0x0000000709c00000, 0x0000000709c00000, 0x0000000709e00000|  0%| F|  |TAMS 0x0000000709c00000, 0x0000000709c00000| Untracked 
|  61|0x0000000709e00000, 0x0000000709e00000, 0x000000070a000000|  0%| F|  |TAMS 0x0000000709e00000, 0x0000000709e00000| Untracked 
|  62|0x000000070a000000, 0x000000070a000000, 0x000000070a200000|  0%| F|  |TAMS 0x000000070a000000, 0x000000070a000000| Untracked 
|  63|0x000000070a200000, 0x000000070a200000, 0x000000070a400000|  0%| F|  |TAMS 0x000000070a200000, 0x000000070a200000| Untracked 
|  64|0x000000070a400000, 0x000000070a400000, 0x000000070a600000|  0%| F|  |TAMS 0x000000070a400000, 0x000000070a400000| Untracked 
|  65|0x000000070a600000, 0x000000070a600000, 0x000000070a800000|  0%| F|  |TAMS 0x000000070a600000, 0x000000070a600000| Untracked 
|  66|0x000000070a800000, 0x000000070a9c39f8, 0x000000070aa00000| 88%| E|  |TAMS 0x000000070a800000, 0x000000070a800000| Complete 
|  67|0x000000070aa00000, 0x000000070ac00000, 0x000000070ac00000|100%| E|CS|TAMS 0x000000070aa00000, 0x000000070aa00000| Complete 
|  68|0x000000070ac00000, 0x000000070ae00000, 0x000000070ae00000|100%| E|CS|TAMS 0x000000070ac00000, 0x000000070ac00000| Complete 
|  69|0x000000070ae00000, 0x000000070b000000, 0x000000070b000000|100%| E|CS|TAMS 0x000000070ae00000, 0x000000070ae00000| Complete 
|  70|0x000000070b000000, 0x000000070b200000, 0x000000070b200000|100%| E|CS|TAMS 0x000000070b000000, 0x000000070b000000| Complete 
|  71|0x000000070b200000, 0x000000070b400000, 0x000000070b400000|100%| E|CS|TAMS 0x000000070b200000, 0x000000070b200000| Complete 
|  94|0x000000070e000000, 0x000000070e200000, 0x000000070e200000|100%| E|CS|TAMS 0x000000070e000000, 0x000000070e000000| Complete 
|  95|0x000000070e200000, 0x000000070e400000, 0x000000070e400000|100%| E|CS|TAMS 0x000000070e200000, 0x000000070e200000| Complete 
|  96|0x000000070e400000, 0x000000070e600000, 0x000000070e600000|100%| E|CS|TAMS 0x000000070e400000, 0x000000070e400000| Complete 
|  97|0x000000070e600000, 0x000000070e6aa280, 0x000000070e800000| 33%| S|CS|TAMS 0x000000070e600000, 0x000000070e600000| Complete 
| 126|0x0000000712000000, 0x0000000712200000, 0x0000000712200000|100%| E|CS|TAMS 0x0000000712000000, 0x0000000712000000| Complete 

Card table byte_map: [0x00000235f2b10000,0x00000235f3300000] _byte_map_base: 0x00000235ef2fe000

Marking Bits (Prev, Next): (CMBitMap*) 0x00000235e9fcd090, (CMBitMap*) 0x00000235e9fcd050
 Prev Bits: [0x00000235f7a60000, 0x00000235fb9d0000)
 Next Bits: [0x00000235f3af0000, 0x00000235f7a60000)

Polling page: 0x00000235ea020000

Metaspace:

Usage:
  Non-class:     40.08 MB used.
      Class:      6.00 MB used.
       Both:     46.08 MB used.

Virtual space:
  Non-class space:       64.00 MB reserved,      40.31 MB ( 63%) committed,  1 nodes.
      Class space:        1.00 GB reserved,       6.19 MB ( <1%) committed,  1 nodes.
             Both:        1.06 GB reserved,      46.50 MB (  4%) committed. 

Chunk freelists:
   Non-Class:  7.48 MB
       Class:  9.75 MB
        Both:  17.23 MB

MaxMetaspaceSize: unlimited
CompressedClassSpaceSize: 1.00 GB
Initial GC threshold: 21.00 MB
Current GC threshold: 66.06 MB
CDS: on
MetaspaceReclaimPolicy: balanced
 - commit_granule_bytes: 65536.
 - commit_granule_words: 8192.
 - virtual_space_node_default_size: 8388608.
 - enlarge_chunks_in_place: 1.
 - new_chunks_are_fully_committed: 0.
 - uncommit_free_chunks: 1.
 - use_allocation_guard: 0.
 - handle_deallocations: 1.


Internal statistics:

num_allocs_failed_limit: 9.
num_arena_births: 684.
num_arena_deaths: 0.
num_vsnodes_births: 2.
num_vsnodes_deaths: 0.
num_space_committed: 744.
num_space_uncommitted: 0.
num_chunks_returned_to_freelist: 9.
num_chunks_taken_from_freelist: 2289.
num_chunk_merges: 3.
num_chunk_splits: 1561.
num_chunks_enlarged: 1155.
num_inconsistent_stats: 0.

CodeHeap 'non-profiled nmethods': size=120000Kb used=2824Kb max_used=3382Kb free=117175Kb
 bounds [0x0000023587ad0000, 0x0000023587e20000, 0x000002358f000000]
CodeHeap 'profiled nmethods': size=120000Kb used=9147Kb max_used=11323Kb free=110852Kb
 bounds [0x0000023580000000, 0x0000023580b10000, 0x0000023587530000]
CodeHeap 'non-nmethods': size=5760Kb used=1355Kb max_used=1426Kb free=4405Kb
 bounds [0x0000023587530000, 0x00000235877a0000, 0x0000023587ad0000]
 total_blobs=5115 nmethods=4508 adapters=519
 compilation: enabled
              stopped_count=0, restarted_count=0
 full_count=0

Compilation events (20 events):
Event: 28.408 Thread 0x00000235d46b0540 nmethod 5295 0x0000023587b4f690 code [0x0000023587b4f860, 0x0000023587b4fce8]
Event: 28.408 Thread 0x00000235d46b0540 5301       4       java.lang.reflect.Modifier::isPrivate (12 bytes)
Event: 28.409 Thread 0x00000235d46b0540 nmethod 5301 0x0000023587b33790 code [0x0000023587b33900, 0x0000023587b33958]
Event: 28.409 Thread 0x00000235d46b0540 5296       4       java.lang.invoke.LambdaForm$MH/0x0000023590014400::invoke (32 bytes)
Event: 28.410 Thread 0x00000235fe295430 5315       3       java.util.stream.StreamOpFlag::fromCharacteristics (37 bytes)
Event: 28.410 Thread 0x00000235d46b0540 nmethod 5296 0x0000023587c11390 code [0x0000023587c11520, 0x0000023587c11678]
Event: 28.410 Thread 0x00000235d46b0540 5294       4       java.lang.invoke.MethodHandle::<init> (37 bytes)
Event: 28.411 Thread 0x00000235fe295430 nmethod 5315 0x000002358006d590 code [0x000002358006d740, 0x000002358006da78]
Event: 28.411 Thread 0x00000235fe295430 5316       1       org.springframework.data.mapping.model.AbstractPersistentProperty::getName (5 bytes)
Event: 28.411 Thread 0x00000235fe295430 nmethod 5316 0x0000023587c8bf90 code [0x0000023587c8c120, 0x0000023587c8c1f8]
Event: 28.411 Thread 0x00000235fe295430 5318       1       org.springframework.data.mapping.model.AbstractPersistentProperty::getField (5 bytes)
Event: 28.411 Thread 0x00000235fe295430 nmethod 5318 0x0000023587cdb790 code [0x0000023587cdb920, 0x0000023587cdb9f8]
Event: 28.412 Thread 0x00000235fe295430 5319       3       java.lang.invoke.Invokers::checkCustomized (23 bytes)
Event: 28.412 Thread 0x00000235fe295430 nmethod 5319 0x0000023580436510 code [0x00000235804366c0, 0x00000235804368a8]
Event: 28.412 Thread 0x00000235fe295430 5320       3       java.util.Spliterators$EmptySpliterator$OfRef::tryAdvance (6 bytes)
Event: 28.412 Thread 0x00000235fe295430 nmethod 5320 0x000002358018f690 code [0x000002358018f860, 0x000002358018fb48]
Event: 28.412 Thread 0x00000235fe295430 5321       3       java.util.Spliterators$EmptySpliterator::tryAdvance (7 bytes)
Event: 28.413 Thread 0x00000235fe295430 nmethod 5321 0x0000023580125310 code [0x00000235801254c0, 0x0000023580125748]
Event: 28.413 Thread 0x00000235fe295430 5322       3       org.springframework.context.event.GenericApplicationListenerAdapter::resolveDeclaredEventType (57 bytes)
Event: 28.413 Thread 0x00000235fe295430 nmethod 5322 0x0000023580003f10 code [0x0000023580004120, 0x00000235800047e8]

GC Heap History (20 events):
Event: 0.818 GC heap before
{Heap before GC invocations=0 (full 0):
 garbage-first heap   total 260096K, used 22528K [0x0000000702400000, 0x0000000800000000)
  region size 2048K, 11 young (22528K), 0 survivors (0K)
 Metaspace       used 5719K, committed 5952K, reserved 1114112K
  class space    used 669K, committed 768K, reserved 1048576K
}
Event: 0.823 GC heap after
{Heap after GC invocations=1 (full 0):
 garbage-first heap   total 260096K, used 4942K [0x0000000702400000, 0x0000000800000000)
  region size 2048K, 2 young (4096K), 2 survivors (4096K)
 Metaspace       used 5719K, committed 5952K, reserved 1114112K
  class space    used 669K, committed 768K, reserved 1048576K
}
Event: 1.355 GC heap before
{Heap before GC invocations=1 (full 0):
 garbage-first heap   total 260096K, used 31566K [0x0000000702400000, 0x0000000800000000)
  region size 2048K, 16 young (32768K), 2 survivors (4096K)
 Metaspace       used 12805K, committed 13056K, reserved 1114112K
  class space    used 1561K, committed 1664K, reserved 1048576K
}
Event: 1.362 GC heap after
{Heap after GC invocations=2 (full 0):
 garbage-first heap   total 260096K, used 7472K [0x0000000702400000, 0x0000000800000000)
  region size 2048K, 2 young (4096K), 2 survivors (4096K)
 Metaspace       used 12805K, committed 13056K, reserved 1114112K
  class space    used 1561K, committed 1664K, reserved 1048576K
}
Event: 2.861 GC heap before
{Heap before GC invocations=2 (full 0):
 garbage-first heap   total 260096K, used 60720K [0x0000000702400000, 0x0000000800000000)
  region size 2048K, 29 young (59392K), 2 survivors (4096K)
 Metaspace       used 21274K, committed 21504K, reserved 1114112K
  class space    used 2637K, committed 2752K, reserved 1048576K
}
Event: 2.868 GC heap after
{Heap after GC invocations=3 (full 0):
 garbage-first heap   total 260096K, used 11682K [0x0000000702400000, 0x0000000800000000)
  region size 2048K, 4 young (8192K), 4 survivors (8192K)
 Metaspace       used 21274K, committed 21504K, reserved 1114112K
  class space    used 2637K, committed 2752K, reserved 1048576K
}
Event: 3.777 GC heap before
{Heap before GC invocations=4 (full 0):
 garbage-first heap   total 55296K, used 36258K [0x0000000702400000, 0x0000000800000000)
  region size 2048K, 16 young (32768K), 4 survivors (8192K)
 Metaspace       used 26293K, committed 26688K, reserved 1114112K
  class space    used 3318K, committed 3520K, reserved 1048576K
}
Event: 3.786 GC heap after
{Heap after GC invocations=5 (full 0):
 garbage-first heap   total 55296K, used 14181K [0x0000000702400000, 0x0000000800000000)
  region size 2048K, 2 young (4096K), 2 survivors (4096K)
 Metaspace       used 26293K, committed 26688K, reserved 1114112K
  class space    used 3318K, committed 3520K, reserved 1048576K
}
Event: 3.856 GC heap before
{Heap before GC invocations=5 (full 0):
 garbage-first heap   total 55296K, used 16229K [0x0000000702400000, 0x0000000800000000)
  region size 2048K, 3 young (6144K), 2 survivors (4096K)
 Metaspace       used 26703K, committed 27136K, reserved 1114112K
  class space    used 3358K, committed 3584K, reserved 1048576K
}
Event: 3.860 GC heap after
{Heap after GC invocations=6 (full 0):
 garbage-first heap   total 55296K, used 14345K [0x0000000702400000, 0x0000000800000000)
  region size 2048K, 1 young (2048K), 1 survivors (2048K)
 Metaspace       used 26703K, committed 27136K, reserved 1114112K
  class space    used 3358K, committed 3584K, reserved 1048576K
}
Event: 4.590 GC heap before
{Heap before GC invocations=6 (full 0):
 garbage-first heap   total 55296K, used 36873K [0x0000000702400000, 0x0000000800000000)
  region size 2048K, 12 young (24576K), 1 survivors (2048K)
 Metaspace       used 32707K, committed 33216K, reserved 1114112K
  class space    used 4169K, committed 4416K, reserved 1048576K
}
Event: 4.595 GC heap after
{Heap after GC invocations=7 (full 0):
 garbage-first heap   total 55296K, used 15817K [0x0000000702400000, 0x0000000800000000)
  region size 2048K, 2 young (4096K), 2 survivors (4096K)
 Metaspace       used 32707K, committed 33216K, reserved 1114112K
  class space    used 4169K, committed 4416K, reserved 1048576K
}
Event: 4.854 GC heap before
{Heap before GC invocations=7 (full 0):
 garbage-first heap   total 55296K, used 26057K [0x0000000702400000, 0x0000000800000000)
  region size 2048K, 9 young (18432K), 2 survivors (4096K)
 Metaspace       used 35701K, committed 36160K, reserved 1114112K
  class space    used 4552K, committed 4800K, reserved 1048576K
}
Event: 4.858 GC heap after
{Heap after GC invocations=8 (full 0):
 garbage-first heap   total 55296K, used 17647K [0x0000000702400000, 0x0000000800000000)
  region size 2048K, 2 young (4096K), 2 survivors (4096K)
 Metaspace       used 35701K, committed 36160K, reserved 1114112K
  class space    used 4552K, committed 4800K, reserved 1048576K
}
Event: 5.368 GC heap before
{Heap before GC invocations=9 (full 0):
 garbage-first heap   total 55296K, used 38127K [0x0000000702400000, 0x0000000800000000)
  region size 2048K, 12 young (24576K), 2 survivors (4096K)
 Metaspace       used 40041K, committed 40512K, reserved 1114112K
  class space    used 5154K, committed 5376K, reserved 1048576K
}
Event: 5.375 GC heap after
{Heap after GC invocations=10 (full 0):
 garbage-first heap   total 55296K, used 19536K [0x0000000702400000, 0x0000000800000000)
  region size 2048K, 2 young (4096K), 2 survivors (4096K)
 Metaspace       used 40041K, committed 40512K, reserved 1114112K
  class space    used 5154K, committed 5376K, reserved 1048576K
}
Event: 5.974 GC heap before
{Heap before GC invocations=11 (full 0):
 garbage-first heap   total 55296K, used 40016K [0x0000000702400000, 0x0000000800000000)
  region size 2048K, 12 young (24576K), 2 survivors (4096K)
 Metaspace       used 43412K, committed 43904K, reserved 1114112K
  class space    used 5641K, committed 5824K, reserved 1048576K
}
Event: 5.979 GC heap after
{Heap after GC invocations=12 (full 0):
 garbage-first heap   total 55296K, used 21616K [0x0000000702400000, 0x0000000800000000)
  region size 2048K, 2 young (4096K), 2 survivors (4096K)
 Metaspace       used 43412K, committed 43904K, reserved 1114112K
  class space    used 5641K, committed 5824K, reserved 1048576K
}
Event: 6.054 GC heap before
{Heap before GC invocations=12 (full 0):
 garbage-first heap   total 55296K, used 23664K [0x0000000702400000, 0x0000000800000000)
  region size 2048K, 3 young (6144K), 2 survivors (4096K)
 Metaspace       used 43681K, committed 44224K, reserved 1114112K
  class space    used 5685K, committed 5952K, reserved 1048576K
}
Event: 6.060 GC heap after
{Heap after GC invocations=13 (full 0):
 garbage-first heap   total 157696K, used 21651K [0x0000000702400000, 0x0000000800000000)
  region size 2048K, 1 young (2048K), 1 survivors (2048K)
 Metaspace       used 43681K, committed 44224K, reserved 1114112K
  class space    used 5685K, committed 5952K, reserved 1048576K
}

Deoptimization events (20 events):
Event: 28.404 Thread 0x00000235d6fae170 DEOPT PACKING pc=0x000002358043872c sp=0x000000c596bf7b40
Event: 28.404 Thread 0x00000235d6fae170 DEOPT UNPACKING pc=0x0000023587582b43 sp=0x000000c596bf7100 mode 1
Event: 28.404 Thread 0x00000235d6fae170 DEOPT PACKING pc=0x000002358056c5a1 sp=0x000000c596bf7940
Event: 28.404 Thread 0x00000235d6fae170 DEOPT UNPACKING pc=0x0000023587582b43 sp=0x000000c596bf6e28 mode 1
Event: 28.404 Thread 0x00000235d6fae170 DEOPT PACKING pc=0x000002358056e44c sp=0x000000c596bf79e0
Event: 28.404 Thread 0x00000235d6fae170 DEOPT UNPACKING pc=0x0000023587582b43 sp=0x000000c596bf6f80 mode 1
Event: 28.404 Thread 0x00000235d6fae170 DEOPT PACKING pc=0x000002358043872c sp=0x000000c596bf7b40
Event: 28.404 Thread 0x00000235d6fae170 DEOPT UNPACKING pc=0x0000023587582b43 sp=0x000000c596bf7100 mode 1
Event: 28.405 Thread 0x00000235d6fae170 DEOPT PACKING pc=0x000002358056c5a1 sp=0x000000c596bf85f0
Event: 28.405 Thread 0x00000235d6fae170 DEOPT UNPACKING pc=0x0000023587582b43 sp=0x000000c596bf7ad8 mode 1
Event: 28.405 Thread 0x00000235d6fae170 DEOPT PACKING pc=0x000002358056e44c sp=0x000000c596bf8690
Event: 28.405 Thread 0x00000235d6fae170 DEOPT UNPACKING pc=0x0000023587582b43 sp=0x000000c596bf7c30 mode 1
Event: 28.405 Thread 0x00000235d6fae170 DEOPT PACKING pc=0x000002358043872c sp=0x000000c596bf87f0
Event: 28.405 Thread 0x00000235d6fae170 DEOPT UNPACKING pc=0x0000023587582b43 sp=0x000000c596bf7db0 mode 1
Event: 28.405 Thread 0x00000235d6fae170 DEOPT PACKING pc=0x000002358056c5a1 sp=0x000000c596bf8660
Event: 28.405 Thread 0x00000235d6fae170 DEOPT UNPACKING pc=0x0000023587582b43 sp=0x000000c596bf7b48 mode 1
Event: 28.405 Thread 0x00000235d6fae170 DEOPT PACKING pc=0x000002358056e44c sp=0x000000c596bf8700
Event: 28.405 Thread 0x00000235d6fae170 DEOPT UNPACKING pc=0x0000023587582b43 sp=0x000000c596bf7ca0 mode 1
Event: 28.405 Thread 0x00000235d6fae170 DEOPT PACKING pc=0x000002358043872c sp=0x000000c596bf8860
Event: 28.405 Thread 0x00000235d6fae170 DEOPT UNPACKING pc=0x0000023587582b43 sp=0x000000c596bf7e20 mode 1

Classes unloaded (0 events):
No events

Classes redefined (0 events):
No events

Internal exceptions (20 events):
Event: 4.885 Thread 0x00000235d6fad240 Exception <a 'java/lang/reflect/InvocationTargetException'{0x00000007120daa30}> (0x00000007120daa30) 
thrown [s\open\src\hotspot\share\runtime\reflection.cpp, line 1121]
Event: 4.933 Thread 0x00000235ff328e90 Exception <a 'java/lang/IncompatibleClassChangeError'{0x000000070e6907a8}: Found class java.lang.Object, but interface was expected> (0x000000070e6907a8) 
thrown [s\open\src\hotspot\share\interpreter\linkResolver.cpp, line 826]
Event: 4.944 Thread 0x00000235ff328e90 Exception <a 'java/lang/NoSuchMethodError'{0x000000070e6e17d8}: 'java.lang.Object java.lang.invoke.DirectMethodHandle$Holder.newInvokeSpecial(java.lang.Object, java.lang.Object, java.lang.Object, java.lang.Object, java.lang.Object, java.lang.Object)'> (0x000000070e6e17d8) 
thrown [s\open\src\hotspot\share\interpreter\linkResolver.cpp, line 759]
Event: 5.064 Thread 0x00000235ff328e90 Exception <a 'java/lang/NoSuchMethodError'{0x000000070e10cbd8}: 'int java.lang.invoke.DirectMethodHandle$Holder.invokeStatic(java.lang.Object, java.lang.Object, int)'> (0x000000070e10cbd8) 
thrown [s\open\src\hotspot\share\interpreter\linkResolver.cpp, line 759]
Event: 5.068 Thread 0x00000235ff328e90 Exception <a 'java/lang/NoSuchMethodError'{0x000000070e126f78}: 'java.lang.Object java.lang.invoke.DirectMethodHandle$Holder.invokeStatic(java.lang.Object, java.lang.Object, int, java.lang.Object)'> (0x000000070e126f78) 
thrown [s\open\src\hotspot\share\interpreter\linkResolver.cpp, line 759]
Event: 5.069 Thread 0x00000235ff328e90 Exception <a 'java/lang/NoSuchMethodError'{0x000000070e12e490}: 'java.lang.Object java.lang.invoke.DirectMethodHandle$Holder.newInvokeSpecial(java.lang.Object, java.lang.Object, int)'> (0x000000070e12e490) 
thrown [s\open\src\hotspot\share\interpreter\linkResolver.cpp, line 759]
Event: 5.129 Thread 0x00000235ff328e90 Exception <a 'java/io/FileNotFoundException'{0x0000000704f3b210}> (0x0000000704f3b210) 
thrown [s\open\src\hotspot\share\prims\jni.cpp, line 516]
Event: 5.130 Thread 0x00000235ff328e90 Exception <a 'java/io/FileNotFoundException'{0x0000000704f46158}> (0x0000000704f46158) 
thrown [s\open\src\hotspot\share\prims\jni.cpp, line 516]
Event: 5.653 Thread 0x00000235ff328e90 Exception <a 'sun/nio/fs/WindowsException'{0x0000000704e19de0}> (0x0000000704e19de0) 
thrown [s\open\src\hotspot\share\prims\jni.cpp, line 516]
Event: 5.706 Thread 0x00000235ff328e90 Exception <a 'java/lang/IncompatibleClassChangeError'{0x0000000704ff7d20}: Found class java.lang.Object, but interface was expected> (0x0000000704ff7d20) 
thrown [s\open\src\hotspot\share\interpreter\linkResolver.cpp, line 826]
Event: 5.854 Thread 0x00000235ff328e90 Exception <a 'java/lang/NoSuchMethodError'{0x0000000704bc8af0}: 'void java.lang.invoke.DirectMethodHandle$Holder.invokeVirtual(java.lang.Object, java.lang.Object, long)'> (0x0000000704bc8af0) 
thrown [s\open\src\hotspot\share\interpreter\linkResolver.cpp, line 759]
Event: 6.079 Thread 0x00000235ff328e90 Exception <a 'java/lang/NoSuchMethodError'{0x0000000712084538}: 'java.lang.Object java.lang.invoke.DirectMethodHandle$Holder.newInvokeSpecial(java.lang.Object, java.lang.Object, int, java.lang.Object, java.lang.Object)'> (0x0000000712084538) 
thrown [s\open\src\hotspot\share\interpreter\linkResolver.cpp, line 759]
Event: 6.080 Thread 0x00000235ff328e90 Exception <a 'java/lang/NoSuchMethodError'{0x000000071208fbb0}: 'java.lang.Object java.lang.invoke.DirectMethodHandle$Holder.invokeSpecial(java.lang.Object, java.lang.Object, int, java.lang.Object, int, java.lang.Object)'> (0x000000071208fbb0) 
thrown [s\open\src\hotspot\share\interpreter\linkResolver.cpp, line 759]
Event: 6.081 Thread 0x00000235ff328e90 Exception <a 'java/lang/NoSuchMethodError'{0x0000000712097c60}: 'java.lang.Object java.lang.invoke.DirectMethodHandle$Holder.newInvokeSpecial(java.lang.Object, java.lang.Object, int, java.lang.Object, int)'> (0x0000000712097c60) 
thrown [s\open\src\hotspot\share\interpreter\linkResolver.cpp, line 759]
Event: 6.081 Thread 0x00000235ff328e90 Exception <a 'java/lang/NoSuchMethodError'{0x000000071209bd60}: 'java.lang.Object java.lang.invoke.DirectMethodHandle$Holder.invokeSpecial(java.lang.Object, java.lang.Object, java.lang.Object, int, java.lang.Object, int)'> (0x000000071209bd60) 
thrown [s\open\src\hotspot\share\interpreter\linkResolver.cpp, line 759]
Event: 27.258 Thread 0x00000235d6fae170 Exception <a 'java/lang/NoSuchMethodError'{0x000000070b378db0}: 'java.lang.Object java.lang.invoke.DirectMethodHandle$Holder.invokeSpecial(java.lang.Object, java.lang.Object, java.lang.Object, java.lang.Object, java.lang.Object, long)'> (0x000000070b378db0) 
thrown [s\open\src\hotspot\share\interpreter\linkResolver.cpp, line 759]
Event: 27.259 Thread 0x00000235d6fae170 Exception <a 'java/lang/NoSuchMethodError'{0x000000070b37c7f0}: 'java.lang.Object java.lang.invoke.Invokers$Holder.linkToTargetMethod(java.lang.Object, java.lang.Object, java.lang.Object, long, java.lang.Object)'> (0x000000070b37c7f0) 
thrown [s\open\src\hotspot\share\interpreter\linkResolver.cpp, line 759]
Event: 27.485 Thread 0x00000235d6fae170 Exception <a 'java/lang/reflect/InvocationTargetException'{0x000000070aa2b040}> (0x000000070aa2b040) 
thrown [s\open\src\hotspot\share\runtime\reflection.cpp, line 1121]
Event: 28.367 Thread 0x00000235d6fae170 Exception <a 'java/lang/NoSuchMethodError'{0x000000070abc95c0}: 'java.lang.Object java.lang.invoke.DirectMethodHandle$Holder.invokeVirtual(java.lang.Object, java.lang.Object, java.lang.Object, java.lang.Object, java.lang.Object)'> (0x000000070abc95c0) 
thrown [s\open\src\hotspot\share\interpreter\linkResolver.cpp, line 759]
Event: 28.405 Thread 0x00000235d6fae170 Exception <a 'java/lang/NoSuchMethodError'{0x000000070a8ca840}: 'void java.lang.invoke.Invokers$Holder.invoke_MT(java.lang.Object, java.lang.Object, java.lang.Object, java.lang.Object)'> (0x000000070a8ca840) 
thrown [s\open\src\hotspot\share\interpreter\linkResolver.cpp, line 759]

VM Operations (20 events):
Event: 18.142 Executing VM operation: Cleanup
Event: 18.142 Executing VM operation: Cleanup done
Event: 22.163 Executing VM operation: Cleanup
Event: 22.163 Executing VM operation: Cleanup done
Event: 26.201 Executing VM operation: Cleanup
Event: 26.202 Executing VM operation: Cleanup done
Event: 27.216 Executing VM operation: Cleanup
Event: 27.217 Executing VM operation: Cleanup done
Event: 27.277 Executing VM operation: HandshakeAllThreads
Event: 27.277 Executing VM operation: HandshakeAllThreads done
Event: 27.389 Executing VM operation: HandshakeAllThreads
Event: 27.389 Executing VM operation: HandshakeAllThreads done
Event: 27.671 Executing VM operation: HandshakeAllThreads
Event: 27.671 Executing VM operation: HandshakeAllThreads done
Event: 27.698 Executing VM operation: HandshakeAllThreads
Event: 27.698 Executing VM operation: HandshakeAllThreads done
Event: 27.744 Executing VM operation: HandshakeAllThreads
Event: 27.744 Executing VM operation: HandshakeAllThreads done
Event: 27.877 Executing VM operation: ICBufferFull
Event: 27.877 Executing VM operation: ICBufferFull done

Events (20 events):
Event: 27.754 Thread 0x00000235fe29dd70 flushing nmethod 0x0000023580ab1590
Event: 27.754 Thread 0x00000235fe29dd70 flushing nmethod 0x0000023580ab1a10
Event: 27.754 Thread 0x00000235fe29dd70 flushing nmethod 0x0000023580ab2110
Event: 27.754 Thread 0x00000235fe29dd70 flushing nmethod 0x0000023580ab3090
Event: 27.754 Thread 0x00000235fe29dd70 flushing nmethod 0x0000023580abc490
Event: 27.754 Thread 0x00000235fe29dd70 flushing nmethod 0x0000023580b0ce10
Event: 27.876 Thread 0x00000235d46b2520 Thread exited: 0x00000235d46b2520
Event: 27.876 Thread 0x00000235d46b1fd0 Thread exited: 0x00000235d46b1fd0
Event: 27.879 loading class sun/invoke/util/VerifyAccess$1
Event: 27.879 loading class sun/invoke/util/VerifyAccess$1 done
Event: 28.001 loading class sun/security/provider/ByteArrayAccess$LE
Event: 28.001 loading class sun/security/provider/ByteArrayAccess$LE done
Event: 28.002 loading class java/util/Base64$Decoder
Event: 28.003 loading class java/util/Base64$Decoder done
Event: 28.003 loading class com/sun/crypto/provider/HmacSHA1
Event: 28.003 loading class com/sun/crypto/provider/HmacSHA1 done
Event: 28.013 Thread 0x00000235d46b0540 Thread added: 0x00000235d46b0540
Event: 28.091 Thread 0x00000235d46b0a90 Thread added: 0x00000235d46b0a90
Event: 28.358 Thread 0x00000235d46b0a90 Thread exited: 0x00000235d46b0a90
Event: 28.402 Loaded shared library C:\Program Files\Java\jdk-17\bin\verify.dll


Dynamic libraries:
0x00007ff6d5360000 - 0x00007ff6d5370000 	C:\Program Files\Java\jdk-17\bin\java.exe
0x00007fffca540000 - 0x00007fffca7a3000 	C:\WINDOWS\SYSTEM32\ntdll.dll
0x00007fffc8720000 - 0x00007fffc87e7000 	C:\WINDOWS\System32\KERNEL32.DLL
0x00007fffc7d40000 - 0x00007fffc8109000 	C:\WINDOWS\System32\KERNELBASE.dll
0x00007fffc7a20000 - 0x00007fffc7b6c000 	C:\WINDOWS\System32\ucrtbase.dll
0x00007fffb47c0000 - 0x00007fffb47d9000 	C:\Program Files\Java\jdk-17\bin\jli.dll
0x00007fffa0d70000 - 0x00007fffa0d8b000 	C:\Program Files\Java\jdk-17\bin\VCRUNTIME140.dll
0x00007fffc8f80000 - 0x00007fffc9032000 	C:\WINDOWS\System32\ADVAPI32.dll
0x00007fffc8550000 - 0x00007fffc85f9000 	C:\WINDOWS\System32\msvcrt.dll
0x00007fffca0c0000 - 0x00007fffca166000 	C:\WINDOWS\System32\sechost.dll
0x00007fffc8950000 - 0x00007fffc8a66000 	C:\WINDOWS\System32\RPCRT4.dll
0x00007fffc9040000 - 0x00007fffc920a000 	C:\WINDOWS\System32\USER32.dll
0x00007fffc8330000 - 0x00007fffc8357000 	C:\WINDOWS\System32\win32u.dll
0x00007fffb78b0000 - 0x00007fffb7b40000 	C:\WINDOWS\WinSxS\amd64_microsoft.windows.common-controls_6595b64144ccf1df_6.0.26100.3323_none_3e088096e3344490\COMCTL32.dll
0x00007fffc8490000 - 0x00007fffc84ba000 	C:\WINDOWS\System32\GDI32.dll
0x00007fffc7b70000 - 0x00007fffc7ca1000 	C:\WINDOWS\System32\gdi32full.dll
0x00007fffc8110000 - 0x00007fffc81b3000 	C:\WINDOWS\System32\msvcp_win.dll
0x00007fffc0080000 - 0x00007fffc008b000 	C:\WINDOWS\SYSTEM32\VERSION.dll
0x00007fffc9300000 - 0x00007fffc932f000 	C:\WINDOWS\System32\IMM32.DLL
0x00007fffc0b20000 - 0x00007fffc0b2c000 	C:\Program Files\Java\jdk-17\bin\vcruntime140_1.dll
0x00007fff72b20000 - 0x00007fff72bae000 	C:\Program Files\Java\jdk-17\bin\msvcp140.dll
0x00007fff3ebf0000 - 0x00007fff3f7d0000 	C:\Program Files\Java\jdk-17\bin\server\jvm.dll
0x00007fffc84c0000 - 0x00007fffc84c8000 	C:\WINDOWS\System32\PSAPI.DLL
0x00007fffb3520000 - 0x00007fffb352a000 	C:\WINDOWS\SYSTEM32\WSOCK32.dll
0x00007fffc0140000 - 0x00007fffc0176000 	C:\WINDOWS\SYSTEM32\WINMM.dll
0x00007fffc9fe0000 - 0x00007fffca054000 	C:\WINDOWS\System32\WS2_32.dll
0x00007fffc6560000 - 0x00007fffc657a000 	C:\WINDOWS\SYSTEM32\kernel.appcore.dll
0x00007fffbc9f0000 - 0x00007fffbc9fa000 	C:\Program Files\Java\jdk-17\bin\jimage.dll
0x00007fffc5120000 - 0x00007fffc5361000 	C:\WINDOWS\SYSTEM32\DBGHELP.DLL
0x00007fffca170000 - 0x00007fffca4f2000 	C:\WINDOWS\System32\combase.dll
0x00007fffc83b0000 - 0x00007fffc8486000 	C:\WINDOWS\System32\OLEAUT32.dll
0x00007fff822d0000 - 0x00007fff82309000 	C:\WINDOWS\SYSTEM32\dbgcore.DLL
0x00007fffc7740000 - 0x00007fffc77d9000 	C:\WINDOWS\System32\bcryptPrimitives.dll
0x00007fff7e3d0000 - 0x00007fff7e40b000 	C:\Program Files\Java\jdk-17\bin\jdwp.dll
0x00007fff9f1b0000 - 0x00007fff9f1d5000 	C:\Program Files\Java\jdk-17\bin\java.dll
0x00007fff6a720000 - 0x00007fff6a7f7000 	C:\Program Files\Java\jdk-17\bin\jsvml.dll
0x00007fffc95e0000 - 0x00007fffc9cf5000 	C:\WINDOWS\System32\SHELL32.dll
0x00007fffc81c0000 - 0x00007fffc8328000 	C:\WINDOWS\System32\wintypes.dll
0x00007fffc5460000 - 0x00007fffc5ca5000 	C:\WINDOWS\SYSTEM32\windows.storage.dll
0x00007fffc9210000 - 0x00007fffc92fb000 	C:\WINDOWS\System32\SHCORE.dll
0x00007fffc8f20000 - 0x00007fffc8f7d000 	C:\WINDOWS\System32\shlwapi.dll
0x00007fffc7650000 - 0x00007fffc767f000 	C:\WINDOWS\SYSTEM32\profapi.dll
0x00007fffbc950000 - 0x00007fffbc95c000 	C:\Program Files\Java\jdk-17\bin\dt_socket.dll
0x00007fffc5ff0000 - 0x00007fffc6023000 	C:\WINDOWS\SYSTEM32\IPHLPAPI.DLL
0x00007fffc6b90000 - 0x00007fffc6bfa000 	C:\WINDOWS\system32\mswsock.dll
0x00007fffc6030000 - 0x00007fffc6155000 	C:\WINDOWS\SYSTEM32\DNSAPI.dll
0x00007fffc8610000 - 0x00007fffc861a000 	C:\WINDOWS\System32\NSI.dll
0x00007fffbc270000 - 0x00007fffbc27b000 	C:\Windows\System32\rasadhlp.dll
0x00007fffbd410000 - 0x00007fffbd495000 	C:\WINDOWS\System32\fwpuclnt.dll
0x00007fff9f710000 - 0x00007fff9f729000 	C:\Program Files\Java\jdk-17\bin\net.dll
0x00007fffbff00000 - 0x00007fffc001e000 	C:\WINDOWS\SYSTEM32\WINHTTP.dll
0x00007fff928e0000 - 0x00007fff928f6000 	C:\Program Files\Java\jdk-17\bin\nio.dll
0x00007fff915d0000 - 0x00007fff915e8000 	C:\Program Files\Java\jdk-17\bin\zip.dll
0x00007fffbc940000 - 0x00007fffbc94a000 	C:\Program Files\Java\jdk-17\bin\management.dll
0x00007fffb8ef0000 - 0x00007fffb8efb000 	C:\Program Files\Java\jdk-17\bin\management_ext.dll
0x00007fffbca00000 - 0x00007fffbca0e000 	C:\Program Files\Java\jdk-17\bin\sunmscapi.dll
0x00007fffc78a0000 - 0x00007fffc7a17000 	C:\WINDOWS\System32\CRYPT32.dll
0x00007fffc7030000 - 0x00007fffc7060000 	C:\WINDOWS\SYSTEM32\ncrypt.dll
0x00007fffc6fe0000 - 0x00007fffc701f000 	C:\WINDOWS\SYSTEM32\NTASN1.dll
0x00007fffc6e30000 - 0x00007fffc6e4c000 	C:\WINDOWS\SYSTEM32\CRYPTSP.dll
0x00007fffc64c0000 - 0x00007fffc64fa000 	C:\WINDOWS\system32\rsaenh.dll
0x00007fffc6c30000 - 0x00007fffc6c5b000 	C:\WINDOWS\SYSTEM32\USERENV.dll
0x00007fffc7070000 - 0x00007fffc7096000 	C:\WINDOWS\SYSTEM32\bcrypt.dll
0x00007fffc6e50000 - 0x00007fffc6e5c000 	C:\WINDOWS\SYSTEM32\CRYPTBASE.dll
0x00007fffc0090000 - 0x00007fffc00af000 	C:\WINDOWS\SYSTEM32\dhcpcsvc6.DLL
0x00007fffbfed0000 - 0x00007fffbfef5000 	C:\WINDOWS\SYSTEM32\dhcpcsvc.DLL
0x00007fffb6ca0000 - 0x00007fffb6ca8000 	C:\WINDOWS\system32\wshunix.dll
0x00007fffb12b0000 - 0x00007fffb12c0000 	C:\Program Files\Java\jdk-17\bin\verify.dll

dbghelp: loaded successfully - version: 4.0.5 - missing functions: none
symbol engine: initialized successfully - sym options: 0x614 - pdb path: .;C:\Program Files\Java\jdk-17\bin;C:\WINDOWS\SYSTEM32;C:\WINDOWS\WinSxS\amd64_microsoft.windows.common-controls_6595b64144ccf1df_6.0.26100.3323_none_3e088096e3344490;C:\Program Files\Java\jdk-17\bin\server

VM Arguments:
jvm_args: -agentlib:jdwp=transport=dt_socket,server=n,suspend=y,address=localhost:50850 -XX:+ShowCodeDetailsInExceptionMessages 
java_command: com.paf_grp.backend.BackendApplication
java_class_path (initial): D:\PAF_Prj\PAF_Prj\backend\backend\target\classes;C:\Users\pasin\.m2\repository\org\springframework\boot\spring-boot-starter-web\2.7.4\spring-boot-starter-web-2.7.4.jar;C:\Users\pasin\.m2\repository\org\springframework\boot\spring-boot-starter\3.2.2\spring-boot-starter-3.2.2.jar;C:\Users\pasin\.m2\repository\org\springframework\boot\spring-boot-starter-logging\3.2.2\spring-boot-starter-logging-3.2.2.jar;C:\Users\pasin\.m2\repository\ch\qos\logback\logback-classic\1.4.14\logback-classic-1.4.14.jar;C:\Users\pasin\.m2\repository\ch\qos\logback\logback-core\1.4.14\logback-core-1.4.14.jar;C:\Users\pasin\.m2\repository\org\apache\logging\log4j\log4j-to-slf4j\2.21.1\log4j-to-slf4j-2.21.1.jar;C:\Users\pasin\.m2\repository\org\apache\logging\log4j\log4j-api\2.21.1\log4j-api-2.21.1.jar;C:\Users\pasin\.m2\repository\org\slf4j\jul-to-slf4j\2.0.11\jul-to-slf4j-2.0.11.jar;C:\Users\pasin\.m2\repository\jakarta\annotation\jakarta.annotation-api\2.1.1\jakarta.annotation-api-2.1.1.jar;C:\Users\pasin\.m2\repository\org\yaml\snakeyaml\2.2\snakeyaml-2.2.jar;C:\Users\pasin\.m2\repository\org\springframework\boot\spring-boot-starter-json\3.2.2\spring-boot-starter-json-3.2.2.jar;C:\Users\pasin\.m2\repository\com\fasterxml\jackson\core\jackson-databind\2.15.3\jackson-databind-2.15.3.jar;C:\Users\pasin\.m2\repository\com\fasterxml\jackson\core\jackson-annotations\2.15.3\jackson-annotations-2.15.3.jar;C:\Users\pasin\.m2\repository\com\fasterxml\jackson\core\jackson-core\2.15.3\jackson-core-2.15.3.jar;C:\Users\pasin\.m2\repository\com\fasterxml\jackson\datatype\jackson-datatype-jdk8\2.15.3\jackson-datatype-jdk8-2.15.3.jar;C:\Users\pasin\.m2\repository\com\fasterxml\jackson\datatype\jackson-datatype-jsr310\2.15.3\jackson-datatype-jsr310-2.15.3.jar;C:\Users\pasin\.m2\repository\com\fasterxml\jackson\module\jackson-module-parameter-names\2.15.3\jackson-module-parameter-names-2.15.3.jar;C:\Users\pasin\.m2\repository\org\springframework\boot\spring-boot-starter-tomcat\3
Launcher Type: SUN_STANDARD

[Global flags]
     intx CICompilerCount                          = 4                                         {product} {ergonomic}
     uint ConcGCThreads                            = 2                                         {product} {ergonomic}
     uint G1ConcRefinementThreads                  = 8                                         {product} {ergonomic}
   size_t G1HeapRegionSize                         = 2097152                                   {product} {ergonomic}
    uintx GCDrainStackTargetSize                   = 64                                        {product} {ergonomic}
   size_t InitialHeapSize                          = 266338304                                 {product} {ergonomic}
   size_t MarkStackSize                            = 4194304                                   {product} {ergonomic}
   size_t MaxHeapSize                              = 4257218560                                {product} {ergonomic}
   size_t MaxNewSize                               = 2554331136                                {product} {ergonomic}
   size_t MinHeapDeltaBytes                        = 2097152                                   {product} {ergonomic}
   size_t MinHeapSize                              = 8388608                                   {product} {ergonomic}
    uintx NonNMethodCodeHeapSize                   = 5839372                                {pd product} {ergonomic}
    uintx NonProfiledCodeHeapSize                  = 122909434                              {pd product} {ergonomic}
    uintx ProfiledCodeHeapSize                     = 122909434                              {pd product} {ergonomic}
    uintx ReservedCodeCacheSize                    = 251658240                              {pd product} {ergonomic}
     bool SegmentedCodeCache                       = true                                      {product} {ergonomic}
     bool ShowCodeDetailsInExceptionMessages       = true                                   {manageable} {command line}
   size_t SoftMaxHeapSize                          = 4257218560                             {manageable} {ergonomic}
     bool UseCompressedClassPointers               = true                           {product lp64_product} {ergonomic}
     bool UseCompressedOops                        = true                           {product lp64_product} {ergonomic}
     bool UseG1GC                                  = true                                      {product} {ergonomic}
     bool UseLargePagesIndividualAllocation        = false                                  {pd product} {ergonomic}

Logging:
Log output configuration:
 #0: stdout all=warning uptime,level,tags
 #1: stderr all=off uptime,level,tags

Environment Variables:
JAVA_HOME=C:\Users\pasin\AppData\Roaming\Code\User\globalStorage\pleiades.java-extension-pack-jdk\java\21
PATH=C:\Users\pasin\AppData\Roaming\Code\User\globalStorage\pleiades.java-extension-pack-jdk\java\21\bin;C:\app\pasin\product\21c\dbhomeXE\bin;C:\Program Files\Common Files\Oracle\Java\javapath;C:\WINDOWS\system32;C:\WINDOWS;C:\WINDOWS\System32\Wbem;C:\WINDOWS\System32\WindowsPowerShell\v1.0\;C:\WINDOWS\System32\OpenSSH\;C:\Program Files\nodejs\;C:\ProgramData\chocolatey\bin;C:\Program Files\Git\cmd;C:\Program Files\Apache\Maven\apache-maven-3.9.9\bin;C:\oracle\instantclient\instantclient_23_7;C:\Users\pasin\AppData\Local\Programs\Python\Python312\Scripts\;C:\Users\pasin\AppData\Local\Programs\Python\Python312\;C:\Users\pasin\AppData\Local\Programs\Python\Launcher\;C:\Users\pasin\AppData\Local\Microsoft\WindowsApps;C:\Users\pasin\AppData\Local\Programs\Microsoft VS Code\bin;C:\Program Files\Azure Data Studio\bin;C:\Users\pasin\AppData\Local\GitHubDesktop\bin;C:\Users\pasin\AppData\Roaming\npm;C:\oracle\instantclient_21_9;C:\Users\pasin\AppData\Local\Programs\Python\Python312\Scripts\;C:\Users\pasin\AppData\Local\Programs\Python\Python312\;C:\Users\pasin\AppData\Local\Programs\Python\Launcher\;C:\Users\pasin\AppData\Local\Microsoft\WindowsApps;C:\Users\pasin\AppData\Local\Programs\Microsoft VS Code\bin;C:\Program Files\Azure Data Studio\bin;C:\Users\pasin\AppData\Local\GitHubDesktop\bin;C:\Users\pasin\AppData\Roaming\npm;;c:\Users\pasin\.vscode\extensions\ms-python.debugpy-2025.4.1-win32-x64\bundled\scripts\noConfigScripts
USERNAME=pasin
LANG=en_US.UTF-8
OS=Windows_NT
PROCESSOR_IDENTIFIER=Intel64 Family 6 Model 142 Stepping 12, GenuineIntel



---------------  S Y S T E M  ---------------

OS:
 Windows 11 , 64 bit Build 26100 (10.0.26100.3323)
OS uptime: 14 days 3:08 hours

CPU: total 8 (initial active 8) (4 cores per cpu, 2 threads per core) family 6 model 142 stepping 12 microcode 0xde, cx8, cmov, fxsr, ht, mmx, 3dnowpref, sse, sse2, sse3, ssse3, sse4.1, sse4.2, popcnt, lzcnt, tsc, tscinvbit, avx, avx2, aes, erms, clmul, bmi1, bmi2, adx, fma, vzeroupper, clflush, clflushopt

Memory: 4k page, system-wide physical 16235M (2223M free)
TotalPageFile size 23817M (AvailPageFile size 66M)
current process WorkingSet (physical memory assigned to process): 222M, peak: 293M
current process commit charge ("private bytes"): 350M, peak: 433M

vm_info: Java HotSpot(TM) 64-Bit Server VM (17.0.12+8-LTS-286) for windows-amd64 JRE (17.0.12+8-LTS-286), built on Jun  5 2024 06:46:59 by "mach5one" with MS VC++ 17.6 (VS2022)

END.
